<?xml version="1.0" encoding="UTF-8"?>
<testsuites tests="1" failures="0" errors="0" skipped="0">
  <testsuite name="Verify Profile changes" timestamp="2024-07-12T18:23:33" time="22.412" tests="1" failures="0" errors="0" skipped="0">
    <properties>
      <property name="specId" value="0"/>
      <property name="suiteName" value="Verify Profile changes"/>
      <property name="capabilities" value="chrome-headless-shell.126_0_6478_127.mac"/>
      <property name="file" value="file://./test/specs/test.profile.e2e.js"/>
    </properties>
    <testcase classname="chrome-headless-shell.126_0_6478_127.mac.Verify_Profile_changes" name="Edit bio in profile name" time="22.17">
      <system-out><![CDATA[
COMMAND: POST /session/024faeb98774aaa940b4f7393c1c8ede/url - {"url":"https://trello.com/login"}
RESULT: {"url":"https://trello.com/login"}
COMMAND: POST /session/024faeb98774aaa940b4f7393c1c8ede/element - {"using":"css selector","value":"#username"}
RESULT: {"using":"css selector","value":"#username"}
COMMAND: POST /session/024faeb98774aaa940b4f7393c1c8ede/elements - {"using":"css selector","value":"#username"}
RESULT: {"using":"css selector","value":"#username"}
COMMAND: POST /session/024faeb98774aaa940b4f7393c1c8ede/elements - {"using":"css selector","value":"#username"}
RESULT: {"using":"css selector","value":"#username"}
COMMAND: POST /session/024faeb98774aaa940b4f7393c1c8ede/element - {"using":"css selector","value":"#username"}
RESULT: {"using":"css selector","value":"#username"}
COMMAND: POST /session/024faeb98774aaa940b4f7393c1c8ede/element/f.F4371A6853F446458CD3AE3BBA2C8CF9.d.F69E4A945B9A66F3533643433C073EE0.e.2/clear - {}
RESULT: {}
COMMAND: POST /session/024faeb98774aaa940b4f7393c1c8ede/element/f.F4371A6853F446458CD3AE3BBA2C8CF9.d.F69E4A945B9A66F3533643433C073EE0.e.2/value - {"text":"krtstgml@gmail.com"}
RESULT: {"text":"krtstgml@gmail.com"}
COMMAND: POST /session/024faeb98774aaa940b4f7393c1c8ede/element - {"using":"css selector","value":"#login-submit"}
RESULT: {"using":"css selector","value":"#login-submit"}
COMMAND: POST /session/024faeb98774aaa940b4f7393c1c8ede/element/f.F4371A6853F446458CD3AE3BBA2C8CF9.d.F69E4A945B9A66F3533643433C073EE0.e.14/click - {}
RESULT: {}
COMMAND: POST /session/024faeb98774aaa940b4f7393c1c8ede/element - {"using":"css selector","value":"#password"}
RESULT: {"using":"css selector","value":"#password"}
COMMAND: POST /session/024faeb98774aaa940b4f7393c1c8ede/execute/sync - {"script":"return (function isElementDisplayed(element) {\n    function nodeIsElement(node) {\n        if (!node) {\n            return false;\n        }\n        switch (node.nodeType) {\n            case Node.ELEMEN ... (8289 more bytes)","args":[{"element-6066-11e4-a52e-4f735466cecf":"f.F4371A6853F446458CD3AE3BBA2C8CF9.d.F69E4A945B9A66F3533643433C073EE0.e.15","ELEMENT":"f.F4371A6853F446458CD3AE3BBA2C8CF9.d.F69E4A945B9A66F3533643433C073EE0.e.15"}]}
RESULT: {"script":"return (function isElementDisplayed(element) {\n    function nodeIsElement(node) {\n        if (!node) {\n            return false;\n        }\n        switch (node.nodeType) {\n            case Node.ELEMEN ... (8289 more bytes)","args":[{"element-6066-11e4-a52e-4f735466cecf":"f.F4371A6853F446458CD3AE3BBA2C8CF9.d.F69E4A945B9A66F3533643433C073EE0.e.15","ELEMENT":"f.F4371A6853F446458CD3AE3BBA2C8CF9.d.F69E4A945B9A66F3533643433C073EE0.e.15"}]}
COMMAND: POST /session/024faeb98774aaa940b4f7393c1c8ede/execute/sync - {"script":"return (function isElementDisplayed(element) {\n    function nodeIsElement(node) {\n        if (!node) {\n            return false;\n        }\n        switch (node.nodeType) {\n            case Node.ELEMEN ... (8289 more bytes)","args":[{"element-6066-11e4-a52e-4f735466cecf":"f.F4371A6853F446458CD3AE3BBA2C8CF9.d.F69E4A945B9A66F3533643433C073EE0.e.15","ELEMENT":"f.F4371A6853F446458CD3AE3BBA2C8CF9.d.F69E4A945B9A66F3533643433C073EE0.e.15"}]}
RESULT: {"script":"return (function isElementDisplayed(element) {\n    function nodeIsElement(node) {\n        if (!node) {\n            return false;\n        }\n        switch (node.nodeType) {\n            case Node.ELEMEN ... (8289 more bytes)","args":[{"element-6066-11e4-a52e-4f735466cecf":"f.F4371A6853F446458CD3AE3BBA2C8CF9.d.F69E4A945B9A66F3533643433C073EE0.e.15","ELEMENT":"f.F4371A6853F446458CD3AE3BBA2C8CF9.d.F69E4A945B9A66F3533643433C073EE0.e.15"}]}
COMMAND: POST /session/024faeb98774aaa940b4f7393c1c8ede/execute/sync - {"script":"return (function isElementDisplayed(element) {\n    function nodeIsElement(node) {\n        if (!node) {\n            return false;\n        }\n        switch (node.nodeType) {\n            case Node.ELEMEN ... (8289 more bytes)","args":[{"element-6066-11e4-a52e-4f735466cecf":"f.F4371A6853F446458CD3AE3BBA2C8CF9.d.F69E4A945B9A66F3533643433C073EE0.e.15","ELEMENT":"f.F4371A6853F446458CD3AE3BBA2C8CF9.d.F69E4A945B9A66F3533643433C073EE0.e.15"}]}
RESULT: {"script":"return (function isElementDisplayed(element) {\n    function nodeIsElement(node) {\n        if (!node) {\n            return false;\n        }\n        switch (node.nodeType) {\n            case Node.ELEMEN ... (8289 more bytes)","args":[{"element-6066-11e4-a52e-4f735466cecf":"f.F4371A6853F446458CD3AE3BBA2C8CF9.d.F69E4A945B9A66F3533643433C073EE0.e.15","ELEMENT":"f.F4371A6853F446458CD3AE3BBA2C8CF9.d.F69E4A945B9A66F3533643433C073EE0.e.15"}]}
COMMAND: POST /session/024faeb98774aaa940b4f7393c1c8ede/execute/sync - {"script":"return (function isElementDisplayed(element) {\n    function nodeIsElement(node) {\n        if (!node) {\n            return false;\n        }\n        switch (node.nodeType) {\n            case Node.ELEMEN ... (8289 more bytes)","args":[{"element-6066-11e4-a52e-4f735466cecf":"f.F4371A6853F446458CD3AE3BBA2C8CF9.d.F69E4A945B9A66F3533643433C073EE0.e.15","ELEMENT":"f.F4371A6853F446458CD3AE3BBA2C8CF9.d.F69E4A945B9A66F3533643433C073EE0.e.15"}]}
RESULT: {"script":"return (function isElementDisplayed(element) {\n    function nodeIsElement(node) {\n        if (!node) {\n            return false;\n        }\n        switch (node.nodeType) {\n            case Node.ELEMEN ... (8289 more bytes)","args":[{"element-6066-11e4-a52e-4f735466cecf":"f.F4371A6853F446458CD3AE3BBA2C8CF9.d.F69E4A945B9A66F3533643433C073EE0.e.15","ELEMENT":"f.F4371A6853F446458CD3AE3BBA2C8CF9.d.F69E4A945B9A66F3533643433C073EE0.e.15"}]}
COMMAND: POST /session/024faeb98774aaa940b4f7393c1c8ede/element - {"using":"css selector","value":"#password"}
RESULT: {"using":"css selector","value":"#password"}
COMMAND: POST /session/024faeb98774aaa940b4f7393c1c8ede/element/f.F4371A6853F446458CD3AE3BBA2C8CF9.d.F69E4A945B9A66F3533643433C073EE0.e.15/clear - {}
RESULT: {}
COMMAND: POST /session/024faeb98774aaa940b4f7393c1c8ede/element/f.F4371A6853F446458CD3AE3BBA2C8CF9.d.F69E4A945B9A66F3533643433C073EE0.e.15/value - {"text":"demotest69"}
RESULT: {"text":"demotest69"}
COMMAND: POST /session/024faeb98774aaa940b4f7393c1c8ede/element - {"using":"css selector","value":"#login-submit"}
RESULT: {"using":"css selector","value":"#login-submit"}
COMMAND: POST /session/024faeb98774aaa940b4f7393c1c8ede/element/f.F4371A6853F446458CD3AE3BBA2C8CF9.d.F69E4A945B9A66F3533643433C073EE0.e.14/click - {}
RESULT: {}
COMMAND: POST /session/024faeb98774aaa940b4f7393c1c8ede/url - {"url":"https://trello.com/u/krtstgml"}
RESULT: {"url":"https://trello.com/u/krtstgml"}
COMMAND: POST /session/024faeb98774aaa940b4f7393c1c8ede/element - {"using":"css selector","value":"#bio"}
RESULT: {"using":"css selector","value":"#bio"}
COMMAND: POST /session/024faeb98774aaa940b4f7393c1c8ede/elements - {"using":"css selector","value":"#bio"}
RESULT: {"using":"css selector","value":"#bio"}
COMMAND: POST /session/024faeb98774aaa940b4f7393c1c8ede/elements - {"using":"css selector","value":"#bio"}
RESULT: {"using":"css selector","value":"#bio"}
COMMAND: POST /session/024faeb98774aaa940b4f7393c1c8ede/element - {"using":"css selector","value":"#bio"}
RESULT: {"using":"css selector","value":"#bio"}
COMMAND: POST /session/024faeb98774aaa940b4f7393c1c8ede/element/f.F4371A6853F446458CD3AE3BBA2C8CF9.d.EC691C7EE12E0BBC3AC6A2AC7A3EEFB0.e.102/clear - {}
RESULT: {}
COMMAND: POST /session/024faeb98774aaa940b4f7393c1c8ede/element/f.F4371A6853F446458CD3AE3BBA2C8CF9.d.EC691C7EE12E0BBC3AC6A2AC7A3EEFB0.e.102/value - {"text":"Bio set by auto test"}
RESULT: {"text":"Bio set by auto test"}
COMMAND: POST /session/024faeb98774aaa940b4f7393c1c8ede/element - {"using":"css selector","value":"[type='submit']"}
RESULT: {"using":"css selector","value":"[type='submit']"}
COMMAND: POST /session/024faeb98774aaa940b4f7393c1c8ede/element/f.F4371A6853F446458CD3AE3BBA2C8CF9.d.EC691C7EE12E0BBC3AC6A2AC7A3EEFB0.e.105/click - {}
RESULT: {}
COMMAND: POST /session/024faeb98774aaa940b4f7393c1c8ede/url - {"url":"https://trello.com/u/krtstgml"}
RESULT: {"url":"https://trello.com/u/krtstgml"}
COMMAND: POST /session/024faeb98774aaa940b4f7393c1c8ede/element - {"using":"css selector","value":"#bio"}
RESULT: {"using":"css selector","value":"#bio"}
COMMAND: POST /session/024faeb98774aaa940b4f7393c1c8ede/elements - {"using":"css selector","value":"#bio"}
RESULT: {"using":"css selector","value":"#bio"}
COMMAND: POST /session/024faeb98774aaa940b4f7393c1c8ede/elements - {"using":"css selector","value":"#bio"}
RESULT: {"using":"css selector","value":"#bio"}
COMMAND: POST /session/024faeb98774aaa940b4f7393c1c8ede/element - {"using":"css selector","value":"#bio"}
RESULT: {"using":"css selector","value":"#bio"}
COMMAND: GET /session/024faeb98774aaa940b4f7393c1c8ede/element/f.F4371A6853F446458CD3AE3BBA2C8CF9.d.F2545EB46BB653812052DF687947DE17.e.121/property/value - {}
RESULT: {}
COMMAND: POST /session/024faeb98774aaa940b4f7393c1c8ede/element - {"using":"css selector","value":"#bio"}
RESULT: {"using":"css selector","value":"#bio"}
COMMAND: POST /session/024faeb98774aaa940b4f7393c1c8ede/element/f.F4371A6853F446458CD3AE3BBA2C8CF9.d.F2545EB46BB653812052DF687947DE17.e.121/clear - {}
RESULT: {}
COMMAND: POST /session/024faeb98774aaa940b4f7393c1c8ede/element/f.F4371A6853F446458CD3AE3BBA2C8CF9.d.F2545EB46BB653812052DF687947DE17.e.121/value - {"text":" "}
RESULT: {"text":" "}
COMMAND: POST /session/024faeb98774aaa940b4f7393c1c8ede/element - {"using":"css selector","value":"[type='submit']"}
RESULT: {"using":"css selector","value":"[type='submit']"}
COMMAND: POST /session/024faeb98774aaa940b4f7393c1c8ede/element/f.F4371A6853F446458CD3AE3BBA2C8CF9.d.F2545EB46BB653812052DF687947DE17.e.124/click - {}
RESULT: {}
COMMAND: DELETE /session/024faeb98774aaa940b4f7393c1c8ede - {}
RESULT: {}
]]></system-out>
    </testcase>
  </testsuite>
</testsuites>