<?xml version="1.0" encoding="UTF-8"?>
<testsuites tests="1" failures="0" errors="0" skipped="0">
  <testsuite name="Verify action on board adding lists and cards" timestamp="2024-07-12T18:22:16" time="14.486" tests="1" failures="0" errors="0" skipped="0">
    <properties>
      <property name="specId" value="0"/>
      <property name="suiteName" value="Verify action on board: adding lists and cards"/>
      <property name="capabilities" value="chrome-headless-shell.126_0_6478_127.mac"/>
      <property name="file" value="file://./test/specs/test.filter.e2e.js"/>
    </properties>
    <testcase classname="chrome-headless-shell.126_0_6478_127.mac.Verify_action_on_board:_adding_lists_and_cards" name="Add card to existent list" time="14.481">
      <system-out><![CDATA[
COMMAND: POST /session/760f8b91dc60486e4a2f22e315026d96/url - {"url":"https://trello.com/login"}
RESULT: {"url":"https://trello.com/login"}
COMMAND: POST /session/760f8b91dc60486e4a2f22e315026d96/element - {"using":"css selector","value":"#username"}
RESULT: {"using":"css selector","value":"#username"}
COMMAND: POST /session/760f8b91dc60486e4a2f22e315026d96/elements - {"using":"css selector","value":"#username"}
RESULT: {"using":"css selector","value":"#username"}
COMMAND: POST /session/760f8b91dc60486e4a2f22e315026d96/elements - {"using":"css selector","value":"#username"}
RESULT: {"using":"css selector","value":"#username"}
COMMAND: POST /session/760f8b91dc60486e4a2f22e315026d96/element - {"using":"css selector","value":"#username"}
RESULT: {"using":"css selector","value":"#username"}
COMMAND: POST /session/760f8b91dc60486e4a2f22e315026d96/element/f.EF5E7179471CC182301B7D372F92E304.d.1A0C6A451D5378E4E4178FEEECC82CE7.e.2/clear - {}
RESULT: {}
COMMAND: POST /session/760f8b91dc60486e4a2f22e315026d96/element/f.EF5E7179471CC182301B7D372F92E304.d.1A0C6A451D5378E4E4178FEEECC82CE7.e.2/value - {"text":"krtstgml@gmail.com"}
RESULT: {"text":"krtstgml@gmail.com"}
COMMAND: POST /session/760f8b91dc60486e4a2f22e315026d96/element - {"using":"css selector","value":"#login-submit"}
RESULT: {"using":"css selector","value":"#login-submit"}
COMMAND: POST /session/760f8b91dc60486e4a2f22e315026d96/element/f.EF5E7179471CC182301B7D372F92E304.d.1A0C6A451D5378E4E4178FEEECC82CE7.e.14/click - {}
RESULT: {}
COMMAND: POST /session/760f8b91dc60486e4a2f22e315026d96/element - {"using":"css selector","value":"#password"}
RESULT: {"using":"css selector","value":"#password"}
COMMAND: POST /session/760f8b91dc60486e4a2f22e315026d96/execute/sync - {"script":"return (function isElementDisplayed(element) {\n    function nodeIsElement(node) {\n        if (!node) {\n            return false;\n        }\n        switch (node.nodeType) {\n            case Node.ELEMEN ... (8289 more bytes)","args":[{"element-6066-11e4-a52e-4f735466cecf":"f.EF5E7179471CC182301B7D372F92E304.d.1A0C6A451D5378E4E4178FEEECC82CE7.e.15","ELEMENT":"f.EF5E7179471CC182301B7D372F92E304.d.1A0C6A451D5378E4E4178FEEECC82CE7.e.15"}]}
RESULT: {"script":"return (function isElementDisplayed(element) {\n    function nodeIsElement(node) {\n        if (!node) {\n            return false;\n        }\n        switch (node.nodeType) {\n            case Node.ELEMEN ... (8289 more bytes)","args":[{"element-6066-11e4-a52e-4f735466cecf":"f.EF5E7179471CC182301B7D372F92E304.d.1A0C6A451D5378E4E4178FEEECC82CE7.e.15","ELEMENT":"f.EF5E7179471CC182301B7D372F92E304.d.1A0C6A451D5378E4E4178FEEECC82CE7.e.15"}]}
COMMAND: POST /session/760f8b91dc60486e4a2f22e315026d96/execute/sync - {"script":"return (function isElementDisplayed(element) {\n    function nodeIsElement(node) {\n        if (!node) {\n            return false;\n        }\n        switch (node.nodeType) {\n            case Node.ELEMEN ... (8289 more bytes)","args":[{"element-6066-11e4-a52e-4f735466cecf":"f.EF5E7179471CC182301B7D372F92E304.d.1A0C6A451D5378E4E4178FEEECC82CE7.e.15","ELEMENT":"f.EF5E7179471CC182301B7D372F92E304.d.1A0C6A451D5378E4E4178FEEECC82CE7.e.15"}]}
RESULT: {"script":"return (function isElementDisplayed(element) {\n    function nodeIsElement(node) {\n        if (!node) {\n            return false;\n        }\n        switch (node.nodeType) {\n            case Node.ELEMEN ... (8289 more bytes)","args":[{"element-6066-11e4-a52e-4f735466cecf":"f.EF5E7179471CC182301B7D372F92E304.d.1A0C6A451D5378E4E4178FEEECC82CE7.e.15","ELEMENT":"f.EF5E7179471CC182301B7D372F92E304.d.1A0C6A451D5378E4E4178FEEECC82CE7.e.15"}]}
COMMAND: POST /session/760f8b91dc60486e4a2f22e315026d96/execute/sync - {"script":"return (function isElementDisplayed(element) {\n    function nodeIsElement(node) {\n        if (!node) {\n            return false;\n        }\n        switch (node.nodeType) {\n            case Node.ELEMEN ... (8289 more bytes)","args":[{"element-6066-11e4-a52e-4f735466cecf":"f.EF5E7179471CC182301B7D372F92E304.d.1A0C6A451D5378E4E4178FEEECC82CE7.e.15","ELEMENT":"f.EF5E7179471CC182301B7D372F92E304.d.1A0C6A451D5378E4E4178FEEECC82CE7.e.15"}]}
RESULT: {"script":"return (function isElementDisplayed(element) {\n    function nodeIsElement(node) {\n        if (!node) {\n            return false;\n        }\n        switch (node.nodeType) {\n            case Node.ELEMEN ... (8289 more bytes)","args":[{"element-6066-11e4-a52e-4f735466cecf":"f.EF5E7179471CC182301B7D372F92E304.d.1A0C6A451D5378E4E4178FEEECC82CE7.e.15","ELEMENT":"f.EF5E7179471CC182301B7D372F92E304.d.1A0C6A451D5378E4E4178FEEECC82CE7.e.15"}]}
COMMAND: POST /session/760f8b91dc60486e4a2f22e315026d96/execute/sync - {"script":"return (function isElementDisplayed(element) {\n    function nodeIsElement(node) {\n        if (!node) {\n            return false;\n        }\n        switch (node.nodeType) {\n            case Node.ELEMEN ... (8289 more bytes)","args":[{"element-6066-11e4-a52e-4f735466cecf":"f.EF5E7179471CC182301B7D372F92E304.d.1A0C6A451D5378E4E4178FEEECC82CE7.e.15","ELEMENT":"f.EF5E7179471CC182301B7D372F92E304.d.1A0C6A451D5378E4E4178FEEECC82CE7.e.15"}]}
RESULT: {"script":"return (function isElementDisplayed(element) {\n    function nodeIsElement(node) {\n        if (!node) {\n            return false;\n        }\n        switch (node.nodeType) {\n            case Node.ELEMEN ... (8289 more bytes)","args":[{"element-6066-11e4-a52e-4f735466cecf":"f.EF5E7179471CC182301B7D372F92E304.d.1A0C6A451D5378E4E4178FEEECC82CE7.e.15","ELEMENT":"f.EF5E7179471CC182301B7D372F92E304.d.1A0C6A451D5378E4E4178FEEECC82CE7.e.15"}]}
COMMAND: POST /session/760f8b91dc60486e4a2f22e315026d96/element - {"using":"css selector","value":"#password"}
RESULT: {"using":"css selector","value":"#password"}
COMMAND: POST /session/760f8b91dc60486e4a2f22e315026d96/element/f.EF5E7179471CC182301B7D372F92E304.d.1A0C6A451D5378E4E4178FEEECC82CE7.e.15/clear - {}
RESULT: {}
COMMAND: POST /session/760f8b91dc60486e4a2f22e315026d96/element/f.EF5E7179471CC182301B7D372F92E304.d.1A0C6A451D5378E4E4178FEEECC82CE7.e.15/value - {"text":"demotest69"}
RESULT: {"text":"demotest69"}
COMMAND: POST /session/760f8b91dc60486e4a2f22e315026d96/element - {"using":"css selector","value":"#login-submit"}
RESULT: {"using":"css selector","value":"#login-submit"}
COMMAND: POST /session/760f8b91dc60486e4a2f22e315026d96/element/f.EF5E7179471CC182301B7D372F92E304.d.1A0C6A451D5378E4E4178FEEECC82CE7.e.14/click - {}
RESULT: {}
COMMAND: POST /session/760f8b91dc60486e4a2f22e315026d96/url - {"url":"https://trello.com/w/user38376778"}
RESULT: {"url":"https://trello.com/w/user38376778"}
COMMAND: POST /session/760f8b91dc60486e4a2f22e315026d96/element - {"using":"css selector","value":"#sort-by"}
RESULT: {"using":"css selector","value":"#sort-by"}
COMMAND: POST /session/760f8b91dc60486e4a2f22e315026d96/elements - {"using":"css selector","value":"#sort-by"}
RESULT: {"using":"css selector","value":"#sort-by"}
COMMAND: POST /session/760f8b91dc60486e4a2f22e315026d96/elements - {"using":"css selector","value":"#sort-by"}
RESULT: {"using":"css selector","value":"#sort-by"}
COMMAND: POST /session/760f8b91dc60486e4a2f22e315026d96/element - {"using":"css selector","value":"#sort-by"}
RESULT: {"using":"css selector","value":"#sort-by"}
COMMAND: POST /session/760f8b91dc60486e4a2f22e315026d96/element/f.EF5E7179471CC182301B7D372F92E304.d.6DF88EAC65AC81CFF6D0588212083C66.e.116/click - {}
RESULT: {}
COMMAND: POST /session/760f8b91dc60486e4a2f22e315026d96/actions - {"actions":[{"id":"action1","type":"key","parameters":{},"actions":[{"type":"keyDown","value":""},{"type":"pause","duration":10},{"type":"keyUp","value":""}]}]}
RESULT: {"actions":[{"id":"action1","type":"key","parameters":{},"actions":[{"type":"keyDown","value":""},{"type":"pause","duration":10},{"type":"keyUp","value":""}]}]}
COMMAND: POST /session/760f8b91dc60486e4a2f22e315026d96/actions - {"actions":[{"id":"action2","type":"key","parameters":{},"actions":[{"type":"keyDown","value":""},{"type":"pause","duration":10},{"type":"keyUp","value":""}]}]}
RESULT: {"actions":[{"id":"action2","type":"key","parameters":{},"actions":[{"type":"keyDown","value":""},{"type":"pause","duration":10},{"type":"keyUp","value":""}]}]}
COMMAND: POST /session/760f8b91dc60486e4a2f22e315026d96/actions - {"actions":[{"id":"action3","type":"key","parameters":{},"actions":[{"type":"keyDown","value":""},{"type":"pause","duration":10},{"type":"keyUp","value":""}]}]}
RESULT: {"actions":[{"id":"action3","type":"key","parameters":{},"actions":[{"type":"keyDown","value":""},{"type":"pause","duration":10},{"type":"keyUp","value":""}]}]}
COMMAND: POST /session/760f8b91dc60486e4a2f22e315026d96/elements - {"using":"css selector","value":".boards-page-board-section-list a"}
RESULT: {"using":"css selector","value":".boards-page-board-section-list a"}
COMMAND: POST /session/760f8b91dc60486e4a2f22e315026d96/element/f.EF5E7179471CC182301B7D372F92E304.d.6DF88EAC65AC81CFF6D0588212083C66.e.83/elements - {"using":"css selector","value":"div"}
RESULT: {"using":"css selector","value":"div"}
COMMAND: GET /session/760f8b91dc60486e4a2f22e315026d96/element/f.EF5E7179471CC182301B7D372F92E304.d.6DF88EAC65AC81CFF6D0588212083C66.e.104/text - {}
RESULT: {}
COMMAND: DELETE /session/760f8b91dc60486e4a2f22e315026d96 - {}
RESULT: {}
]]></system-out>
    </testcase>
  </testsuite>
</testsuites>