<?xml version="1.0" encoding="UTF-8"?>
<testsuites tests="1" failures="0" errors="0" skipped="0">
  <testsuite name="My Login application" timestamp="2024-07-12T18:23:04" time="22.615" tests="1" failures="0" errors="0" skipped="0">
    <properties>
      <property name="specId" value="0"/>
      <property name="suiteName" value="My Login application"/>
      <property name="capabilities" value="chrome-headless-shell.126_0_6478_127.mac"/>
      <property name="file" value="file://./test/specs/test.login.e2e.js"/>
    </properties>
    <testcase classname="chrome-headless-shell.126_0_6478_127.mac.My_Login_application" name="should login with valid credentials" time="22.611">
      <system-out><![CDATA[
COMMAND: POST /session/0f3f6aa20670cd695e81739d7fe9f949/url - {"url":"https://trello.com/login"}
RESULT: {"url":"https://trello.com/login"}
COMMAND: POST /session/0f3f6aa20670cd695e81739d7fe9f949/element - {"using":"css selector","value":"#username"}
RESULT: {"using":"css selector","value":"#username"}
COMMAND: POST /session/0f3f6aa20670cd695e81739d7fe9f949/elements - {"using":"css selector","value":"#username"}
RESULT: {"using":"css selector","value":"#username"}
COMMAND: POST /session/0f3f6aa20670cd695e81739d7fe9f949/elements - {"using":"css selector","value":"#username"}
RESULT: {"using":"css selector","value":"#username"}
COMMAND: POST /session/0f3f6aa20670cd695e81739d7fe9f949/element - {"using":"css selector","value":"#username"}
RESULT: {"using":"css selector","value":"#username"}
COMMAND: POST /session/0f3f6aa20670cd695e81739d7fe9f949/element/f.16C878861E3C140ABEFA07678009494F.d.E60238D83BD2B82E2F50F1128975E705.e.2/clear - {}
RESULT: {}
COMMAND: POST /session/0f3f6aa20670cd695e81739d7fe9f949/element/f.16C878861E3C140ABEFA07678009494F.d.E60238D83BD2B82E2F50F1128975E705.e.2/value - {"text":"krtstgml@gmail.com"}
RESULT: {"text":"krtstgml@gmail.com"}
COMMAND: POST /session/0f3f6aa20670cd695e81739d7fe9f949/element - {"using":"css selector","value":"#login-submit"}
RESULT: {"using":"css selector","value":"#login-submit"}
COMMAND: POST /session/0f3f6aa20670cd695e81739d7fe9f949/element/f.16C878861E3C140ABEFA07678009494F.d.E60238D83BD2B82E2F50F1128975E705.e.14/click - {}
RESULT: {}
COMMAND: POST /session/0f3f6aa20670cd695e81739d7fe9f949/element - {"using":"css selector","value":"#password"}
RESULT: {"using":"css selector","value":"#password"}
COMMAND: POST /session/0f3f6aa20670cd695e81739d7fe9f949/execute/sync - {"script":"return (function isElementDisplayed(element) {\n    function nodeIsElement(node) {\n        if (!node) {\n            return false;\n        }\n        switch (node.nodeType) {\n            case Node.ELEMEN ... (8289 more bytes)","args":[{"element-6066-11e4-a52e-4f735466cecf":"f.16C878861E3C140ABEFA07678009494F.d.E60238D83BD2B82E2F50F1128975E705.e.15","ELEMENT":"f.16C878861E3C140ABEFA07678009494F.d.E60238D83BD2B82E2F50F1128975E705.e.15"}]}
RESULT: {"script":"return (function isElementDisplayed(element) {\n    function nodeIsElement(node) {\n        if (!node) {\n            return false;\n        }\n        switch (node.nodeType) {\n            case Node.ELEMEN ... (8289 more bytes)","args":[{"element-6066-11e4-a52e-4f735466cecf":"f.16C878861E3C140ABEFA07678009494F.d.E60238D83BD2B82E2F50F1128975E705.e.15","ELEMENT":"f.16C878861E3C140ABEFA07678009494F.d.E60238D83BD2B82E2F50F1128975E705.e.15"}]}
COMMAND: POST /session/0f3f6aa20670cd695e81739d7fe9f949/execute/sync - {"script":"return (function isElementDisplayed(element) {\n    function nodeIsElement(node) {\n        if (!node) {\n            return false;\n        }\n        switch (node.nodeType) {\n            case Node.ELEMEN ... (8289 more bytes)","args":[{"element-6066-11e4-a52e-4f735466cecf":"f.16C878861E3C140ABEFA07678009494F.d.E60238D83BD2B82E2F50F1128975E705.e.15","ELEMENT":"f.16C878861E3C140ABEFA07678009494F.d.E60238D83BD2B82E2F50F1128975E705.e.15"}]}
RESULT: {"script":"return (function isElementDisplayed(element) {\n    function nodeIsElement(node) {\n        if (!node) {\n            return false;\n        }\n        switch (node.nodeType) {\n            case Node.ELEMEN ... (8289 more bytes)","args":[{"element-6066-11e4-a52e-4f735466cecf":"f.16C878861E3C140ABEFA07678009494F.d.E60238D83BD2B82E2F50F1128975E705.e.15","ELEMENT":"f.16C878861E3C140ABEFA07678009494F.d.E60238D83BD2B82E2F50F1128975E705.e.15"}]}
COMMAND: POST /session/0f3f6aa20670cd695e81739d7fe9f949/execute/sync - {"script":"return (function isElementDisplayed(element) {\n    function nodeIsElement(node) {\n        if (!node) {\n            return false;\n        }\n        switch (node.nodeType) {\n            case Node.ELEMEN ... (8289 more bytes)","args":[{"element-6066-11e4-a52e-4f735466cecf":"f.16C878861E3C140ABEFA07678009494F.d.E60238D83BD2B82E2F50F1128975E705.e.15","ELEMENT":"f.16C878861E3C140ABEFA07678009494F.d.E60238D83BD2B82E2F50F1128975E705.e.15"}]}
RESULT: {"script":"return (function isElementDisplayed(element) {\n    function nodeIsElement(node) {\n        if (!node) {\n            return false;\n        }\n        switch (node.nodeType) {\n            case Node.ELEMEN ... (8289 more bytes)","args":[{"element-6066-11e4-a52e-4f735466cecf":"f.16C878861E3C140ABEFA07678009494F.d.E60238D83BD2B82E2F50F1128975E705.e.15","ELEMENT":"f.16C878861E3C140ABEFA07678009494F.d.E60238D83BD2B82E2F50F1128975E705.e.15"}]}
COMMAND: POST /session/0f3f6aa20670cd695e81739d7fe9f949/execute/sync - {"script":"return (function isElementDisplayed(element) {\n    function nodeIsElement(node) {\n        if (!node) {\n            return false;\n        }\n        switch (node.nodeType) {\n            case Node.ELEMEN ... (8289 more bytes)","args":[{"element-6066-11e4-a52e-4f735466cecf":"f.16C878861E3C140ABEFA07678009494F.d.E60238D83BD2B82E2F50F1128975E705.e.15","ELEMENT":"f.16C878861E3C140ABEFA07678009494F.d.E60238D83BD2B82E2F50F1128975E705.e.15"}]}
RESULT: {"script":"return (function isElementDisplayed(element) {\n    function nodeIsElement(node) {\n        if (!node) {\n            return false;\n        }\n        switch (node.nodeType) {\n            case Node.ELEMEN ... (8289 more bytes)","args":[{"element-6066-11e4-a52e-4f735466cecf":"f.16C878861E3C140ABEFA07678009494F.d.E60238D83BD2B82E2F50F1128975E705.e.15","ELEMENT":"f.16C878861E3C140ABEFA07678009494F.d.E60238D83BD2B82E2F50F1128975E705.e.15"}]}
COMMAND: POST /session/0f3f6aa20670cd695e81739d7fe9f949/execute/sync - {"script":"return (function isElementDisplayed(element) {\n    function nodeIsElement(node) {\n        if (!node) {\n            return false;\n        }\n        switch (node.nodeType) {\n            case Node.ELEMEN ... (8289 more bytes)","args":[{"element-6066-11e4-a52e-4f735466cecf":"f.16C878861E3C140ABEFA07678009494F.d.E60238D83BD2B82E2F50F1128975E705.e.15","ELEMENT":"f.16C878861E3C140ABEFA07678009494F.d.E60238D83BD2B82E2F50F1128975E705.e.15"}]}
RESULT: {"script":"return (function isElementDisplayed(element) {\n    function nodeIsElement(node) {\n        if (!node) {\n            return false;\n        }\n        switch (node.nodeType) {\n            case Node.ELEMEN ... (8289 more bytes)","args":[{"element-6066-11e4-a52e-4f735466cecf":"f.16C878861E3C140ABEFA07678009494F.d.E60238D83BD2B82E2F50F1128975E705.e.15","ELEMENT":"f.16C878861E3C140ABEFA07678009494F.d.E60238D83BD2B82E2F50F1128975E705.e.15"}]}
COMMAND: POST /session/0f3f6aa20670cd695e81739d7fe9f949/element - {"using":"css selector","value":"#password"}
RESULT: {"using":"css selector","value":"#password"}
COMMAND: POST /session/0f3f6aa20670cd695e81739d7fe9f949/element/f.16C878861E3C140ABEFA07678009494F.d.E60238D83BD2B82E2F50F1128975E705.e.15/clear - {}
RESULT: {}
COMMAND: POST /session/0f3f6aa20670cd695e81739d7fe9f949/element/f.16C878861E3C140ABEFA07678009494F.d.E60238D83BD2B82E2F50F1128975E705.e.15/value - {"text":"demotest69"}
RESULT: {"text":"demotest69"}
COMMAND: POST /session/0f3f6aa20670cd695e81739d7fe9f949/element - {"using":"css selector","value":"#login-submit"}
RESULT: {"using":"css selector","value":"#login-submit"}
COMMAND: POST /session/0f3f6aa20670cd695e81739d7fe9f949/element/f.16C878861E3C140ABEFA07678009494F.d.E60238D83BD2B82E2F50F1128975E705.e.14/click - {}
RESULT: {}
COMMAND: GET /session/0f3f6aa20670cd695e81739d7fe9f949/title - {}
RESULT: {}
COMMAND: DELETE /session/0f3f6aa20670cd695e81739d7fe9f949 - {}
RESULT: {}
]]></system-out>
    </testcase>
  </testsuite>
</testsuites>