<?xml version="1.0" encoding="UTF-8"?>
<testsuites tests="2" failures="0" errors="0" skipped="0">
  <testsuite name="Verify adding new boards" timestamp="2024-07-12T18:20:57" time="42.06" tests="2" failures="0" errors="0" skipped="0">
    <properties>
      <property name="specId" value="0"/>
      <property name="suiteName" value="Verify adding new boards"/>
      <property name="capabilities" value="chrome-headless-shell.126_0_6478_127.mac"/>
      <property name="file" value="file://./test/specs/test.boards.e2e.js"/>
    </properties>
    <testcase classname="chrome-headless-shell.126_0_6478_127.mac.Verify_adding_new_boards" name="Add new board from Workspace page" time="22.271">
      <system-out><![CDATA[
COMMAND: DELETE /session/f335a97ccbc582bd09f0700a101c1f11 - {"deleteSessionOpts":{"shutdownDriver":false}}
RESULT: {"deleteSessionOpts":{"shutdownDriver":false}}
COMMAND: POST /session/040849678e46262fbaf3e4c01a00a893/url - {"url":"https://trello.com/login"}
RESULT: {"url":"https://trello.com/login"}
COMMAND: POST /session/040849678e46262fbaf3e4c01a00a893/element - {"using":"css selector","value":"#username"}
RESULT: {"using":"css selector","value":"#username"}
COMMAND: POST /session/040849678e46262fbaf3e4c01a00a893/elements - {"using":"css selector","value":"#username"}
RESULT: {"using":"css selector","value":"#username"}
COMMAND: POST /session/040849678e46262fbaf3e4c01a00a893/element - {"using":"css selector","value":"#username"}
RESULT: {"using":"css selector","value":"#username"}
COMMAND: POST /session/040849678e46262fbaf3e4c01a00a893/element/f.16E957232F718E2ACCFCA06EA12D4527.d.8841EBD4AE1DDF34806B64812DD94AFA.e.2/clear - {}
RESULT: {}
COMMAND: POST /session/040849678e46262fbaf3e4c01a00a893/element/f.16E957232F718E2ACCFCA06EA12D4527.d.8841EBD4AE1DDF34806B64812DD94AFA.e.2/value - {"text":"krtstgml@gmail.com"}
RESULT: {"text":"krtstgml@gmail.com"}
COMMAND: POST /session/040849678e46262fbaf3e4c01a00a893/element - {"using":"css selector","value":"#login-submit"}
RESULT: {"using":"css selector","value":"#login-submit"}
COMMAND: POST /session/040849678e46262fbaf3e4c01a00a893/element/f.16E957232F718E2ACCFCA06EA12D4527.d.8841EBD4AE1DDF34806B64812DD94AFA.e.14/click - {}
RESULT: {}
COMMAND: POST /session/040849678e46262fbaf3e4c01a00a893/element - {"using":"css selector","value":"#password"}
RESULT: {"using":"css selector","value":"#password"}
COMMAND: POST /session/040849678e46262fbaf3e4c01a00a893/execute/sync - {"script":"return (function isElementDisplayed(element) {\n    function nodeIsElement(node) {\n        if (!node) {\n            return false;\n        }\n        switch (node.nodeType) {\n            case Node.ELEMEN ... (8289 more bytes)","args":[{"element-6066-11e4-a52e-4f735466cecf":"f.16E957232F718E2ACCFCA06EA12D4527.d.8841EBD4AE1DDF34806B64812DD94AFA.e.15","ELEMENT":"f.16E957232F718E2ACCFCA06EA12D4527.d.8841EBD4AE1DDF34806B64812DD94AFA.e.15"}]}
RESULT: {"script":"return (function isElementDisplayed(element) {\n    function nodeIsElement(node) {\n        if (!node) {\n            return false;\n        }\n        switch (node.nodeType) {\n            case Node.ELEMEN ... (8289 more bytes)","args":[{"element-6066-11e4-a52e-4f735466cecf":"f.16E957232F718E2ACCFCA06EA12D4527.d.8841EBD4AE1DDF34806B64812DD94AFA.e.15","ELEMENT":"f.16E957232F718E2ACCFCA06EA12D4527.d.8841EBD4AE1DDF34806B64812DD94AFA.e.15"}]}
COMMAND: POST /session/040849678e46262fbaf3e4c01a00a893/execute/sync - {"script":"return (function isElementDisplayed(element) {\n    function nodeIsElement(node) {\n        if (!node) {\n            return false;\n        }\n        switch (node.nodeType) {\n            case Node.ELEMEN ... (8289 more bytes)","args":[{"element-6066-11e4-a52e-4f735466cecf":"f.16E957232F718E2ACCFCA06EA12D4527.d.8841EBD4AE1DDF34806B64812DD94AFA.e.15","ELEMENT":"f.16E957232F718E2ACCFCA06EA12D4527.d.8841EBD4AE1DDF34806B64812DD94AFA.e.15"}]}
RESULT: {"script":"return (function isElementDisplayed(element) {\n    function nodeIsElement(node) {\n        if (!node) {\n            return false;\n        }\n        switch (node.nodeType) {\n            case Node.ELEMEN ... (8289 more bytes)","args":[{"element-6066-11e4-a52e-4f735466cecf":"f.16E957232F718E2ACCFCA06EA12D4527.d.8841EBD4AE1DDF34806B64812DD94AFA.e.15","ELEMENT":"f.16E957232F718E2ACCFCA06EA12D4527.d.8841EBD4AE1DDF34806B64812DD94AFA.e.15"}]}
COMMAND: POST /session/040849678e46262fbaf3e4c01a00a893/execute/sync - {"script":"return (function isElementDisplayed(element) {\n    function nodeIsElement(node) {\n        if (!node) {\n            return false;\n        }\n        switch (node.nodeType) {\n            case Node.ELEMEN ... (8289 more bytes)","args":[{"element-6066-11e4-a52e-4f735466cecf":"f.16E957232F718E2ACCFCA06EA12D4527.d.8841EBD4AE1DDF34806B64812DD94AFA.e.15","ELEMENT":"f.16E957232F718E2ACCFCA06EA12D4527.d.8841EBD4AE1DDF34806B64812DD94AFA.e.15"}]}
RESULT: {"script":"return (function isElementDisplayed(element) {\n    function nodeIsElement(node) {\n        if (!node) {\n            return false;\n        }\n        switch (node.nodeType) {\n            case Node.ELEMEN ... (8289 more bytes)","args":[{"element-6066-11e4-a52e-4f735466cecf":"f.16E957232F718E2ACCFCA06EA12D4527.d.8841EBD4AE1DDF34806B64812DD94AFA.e.15","ELEMENT":"f.16E957232F718E2ACCFCA06EA12D4527.d.8841EBD4AE1DDF34806B64812DD94AFA.e.15"}]}
COMMAND: POST /session/040849678e46262fbaf3e4c01a00a893/execute/sync - {"script":"return (function isElementDisplayed(element) {\n    function nodeIsElement(node) {\n        if (!node) {\n            return false;\n        }\n        switch (node.nodeType) {\n            case Node.ELEMEN ... (8289 more bytes)","args":[{"element-6066-11e4-a52e-4f735466cecf":"f.16E957232F718E2ACCFCA06EA12D4527.d.8841EBD4AE1DDF34806B64812DD94AFA.e.15","ELEMENT":"f.16E957232F718E2ACCFCA06EA12D4527.d.8841EBD4AE1DDF34806B64812DD94AFA.e.15"}]}
RESULT: {"script":"return (function isElementDisplayed(element) {\n    function nodeIsElement(node) {\n        if (!node) {\n            return false;\n        }\n        switch (node.nodeType) {\n            case Node.ELEMEN ... (8289 more bytes)","args":[{"element-6066-11e4-a52e-4f735466cecf":"f.16E957232F718E2ACCFCA06EA12D4527.d.8841EBD4AE1DDF34806B64812DD94AFA.e.15","ELEMENT":"f.16E957232F718E2ACCFCA06EA12D4527.d.8841EBD4AE1DDF34806B64812DD94AFA.e.15"}]}
COMMAND: POST /session/040849678e46262fbaf3e4c01a00a893/element - {"using":"css selector","value":"#password"}
RESULT: {"using":"css selector","value":"#password"}
COMMAND: POST /session/040849678e46262fbaf3e4c01a00a893/element/f.16E957232F718E2ACCFCA06EA12D4527.d.8841EBD4AE1DDF34806B64812DD94AFA.e.15/clear - {}
RESULT: {}
COMMAND: POST /session/040849678e46262fbaf3e4c01a00a893/element/f.16E957232F718E2ACCFCA06EA12D4527.d.8841EBD4AE1DDF34806B64812DD94AFA.e.15/value - {"text":"demotest69"}
RESULT: {"text":"demotest69"}
COMMAND: POST /session/040849678e46262fbaf3e4c01a00a893/element - {"using":"css selector","value":"#login-submit"}
RESULT: {"using":"css selector","value":"#login-submit"}
COMMAND: POST /session/040849678e46262fbaf3e4c01a00a893/element/f.16E957232F718E2ACCFCA06EA12D4527.d.8841EBD4AE1DDF34806B64812DD94AFA.e.14/click - {}
RESULT: {}
COMMAND: POST /session/040849678e46262fbaf3e4c01a00a893/url - {"url":"https://trello.com/w/user38376778"}
RESULT: {"url":"https://trello.com/w/user38376778"}
COMMAND: POST /session/040849678e46262fbaf3e4c01a00a893/element - {"using":"css selector","value":".mod-add"}
RESULT: {"using":"css selector","value":".mod-add"}
COMMAND: POST /session/040849678e46262fbaf3e4c01a00a893/elements - {"using":"css selector","value":".mod-add"}
RESULT: {"using":"css selector","value":".mod-add"}
COMMAND: POST /session/040849678e46262fbaf3e4c01a00a893/elements - {"using":"css selector","value":".mod-add"}
RESULT: {"using":"css selector","value":".mod-add"}
COMMAND: POST /session/040849678e46262fbaf3e4c01a00a893/element - {"using":"css selector","value":".mod-add"}
RESULT: {"using":"css selector","value":".mod-add"}
COMMAND: POST /session/040849678e46262fbaf3e4c01a00a893/element/f.16E957232F718E2ACCFCA06EA12D4527.d.2B5243FA8238BF1BD8185F0C1BEABE0F.e.100/click - {}
RESULT: {}
COMMAND: POST /session/040849678e46262fbaf3e4c01a00a893/element - {"using":"css selector","value":"[data-testid='create-board-title-input']"}
RESULT: {"using":"css selector","value":"[data-testid='create-board-title-input']"}
COMMAND: POST /session/040849678e46262fbaf3e4c01a00a893/elements - {"using":"css selector","value":"[data-testid='create-board-title-input']"}
RESULT: {"using":"css selector","value":"[data-testid='create-board-title-input']"}
COMMAND: POST /session/040849678e46262fbaf3e4c01a00a893/elements - {"using":"css selector","value":"[data-testid='create-board-title-input']"}
RESULT: {"using":"css selector","value":"[data-testid='create-board-title-input']"}
COMMAND: POST /session/040849678e46262fbaf3e4c01a00a893/element - {"using":"css selector","value":"[data-testid='create-board-title-input']"}
RESULT: {"using":"css selector","value":"[data-testid='create-board-title-input']"}
COMMAND: POST /session/040849678e46262fbaf3e4c01a00a893/element/f.16E957232F718E2ACCFCA06EA12D4527.d.2B5243FA8238BF1BD8185F0C1BEABE0F.e.122/clear - {}
RESULT: {}
COMMAND: POST /session/040849678e46262fbaf3e4c01a00a893/element/f.16E957232F718E2ACCFCA06EA12D4527.d.2B5243FA8238BF1BD8185F0C1BEABE0F.e.122/value - {"text":"Board created from Workspace"}
RESULT: {"text":"Board created from Workspace"}
COMMAND: POST /session/040849678e46262fbaf3e4c01a00a893/element - {"using":"css selector","value":"button[data-testid='create-board-submit-button']"}
RESULT: {"using":"css selector","value":"button[data-testid='create-board-submit-button']"}
COMMAND: POST /session/040849678e46262fbaf3e4c01a00a893/element/f.16E957232F718E2ACCFCA06EA12D4527.d.2B5243FA8238BF1BD8185F0C1BEABE0F.e.143/click - {}
RESULT: {}
COMMAND: POST /session/040849678e46262fbaf3e4c01a00a893/element - {"using":"css selector","value":"[data-testid='board-name-display']"}
RESULT: {"using":"css selector","value":"[data-testid='board-name-display']"}
COMMAND: POST /session/040849678e46262fbaf3e4c01a00a893/elements - {"using":"css selector","value":"[data-testid='board-name-display']"}
RESULT: {"using":"css selector","value":"[data-testid='board-name-display']"}
COMMAND: POST /session/040849678e46262fbaf3e4c01a00a893/elements - {"using":"css selector","value":"[data-testid='board-name-display']"}
RESULT: {"using":"css selector","value":"[data-testid='board-name-display']"}
COMMAND: POST /session/040849678e46262fbaf3e4c01a00a893/elements - {"using":"css selector","value":"[data-testid='board-name-display']"}
RESULT: {"using":"css selector","value":"[data-testid='board-name-display']"}
COMMAND: POST /session/040849678e46262fbaf3e4c01a00a893/elements - {"using":"css selector","value":"[data-testid='board-name-display']"}
RESULT: {"using":"css selector","value":"[data-testid='board-name-display']"}
COMMAND: POST /session/040849678e46262fbaf3e4c01a00a893/elements - {"using":"css selector","value":"[data-testid='board-name-display']"}
RESULT: {"using":"css selector","value":"[data-testid='board-name-display']"}
COMMAND: POST /session/040849678e46262fbaf3e4c01a00a893/elements - {"using":"css selector","value":"[data-testid='board-name-display']"}
RESULT: {"using":"css selector","value":"[data-testid='board-name-display']"}
COMMAND: POST /session/040849678e46262fbaf3e4c01a00a893/element - {"using":"css selector","value":"[data-testid='board-name-display']"}
RESULT: {"using":"css selector","value":"[data-testid='board-name-display']"}
COMMAND: GET /session/040849678e46262fbaf3e4c01a00a893/element/f.16E957232F718E2ACCFCA06EA12D4527.d.2B5243FA8238BF1BD8185F0C1BEABE0F.e.153/text - {}
RESULT: {}
]]></system-out>
    </testcase>
    <testcase classname="chrome-headless-shell.126_0_6478_127.mac.Verify_adding_new_boards" name="Add new board from my main menu when you are at boards page" time="19.781">
      <system-out><![CDATA[
COMMAND: DELETE /session/040849678e46262fbaf3e4c01a00a893 - {"deleteSessionOpts":{"shutdownDriver":false}}
RESULT: {"deleteSessionOpts":{"shutdownDriver":false}}
COMMAND: POST /session/60614569a9c9984c2d4569c6decc3051/url - {"url":"https://trello.com/login"}
RESULT: {"url":"https://trello.com/login"}
COMMAND: POST /session/60614569a9c9984c2d4569c6decc3051/element - {"using":"css selector","value":"#username"}
RESULT: {"using":"css selector","value":"#username"}
COMMAND: POST /session/60614569a9c9984c2d4569c6decc3051/elements - {"using":"css selector","value":"#username"}
RESULT: {"using":"css selector","value":"#username"}
COMMAND: POST /session/60614569a9c9984c2d4569c6decc3051/elements - {"using":"css selector","value":"#username"}
RESULT: {"using":"css selector","value":"#username"}
COMMAND: POST /session/60614569a9c9984c2d4569c6decc3051/elements - {"using":"css selector","value":"#username"}
RESULT: {"using":"css selector","value":"#username"}
COMMAND: POST /session/60614569a9c9984c2d4569c6decc3051/element - {"using":"css selector","value":"#username"}
RESULT: {"using":"css selector","value":"#username"}
COMMAND: POST /session/60614569a9c9984c2d4569c6decc3051/element/f.4DB8CF2DD35906CDB19A148942F1D619.d.2DDB1DC28ED3223C0B963B043F6C89D3.e.2/clear - {}
RESULT: {}
COMMAND: POST /session/60614569a9c9984c2d4569c6decc3051/element/f.4DB8CF2DD35906CDB19A148942F1D619.d.2DDB1DC28ED3223C0B963B043F6C89D3.e.2/value - {"text":"krtstgml@gmail.com"}
RESULT: {"text":"krtstgml@gmail.com"}
COMMAND: POST /session/60614569a9c9984c2d4569c6decc3051/element - {"using":"css selector","value":"#login-submit"}
RESULT: {"using":"css selector","value":"#login-submit"}
COMMAND: POST /session/60614569a9c9984c2d4569c6decc3051/element/f.4DB8CF2DD35906CDB19A148942F1D619.d.2DDB1DC28ED3223C0B963B043F6C89D3.e.6/click - {}
RESULT: {}
COMMAND: POST /session/60614569a9c9984c2d4569c6decc3051/element - {"using":"css selector","value":"#password"}
RESULT: {"using":"css selector","value":"#password"}
COMMAND: POST /session/60614569a9c9984c2d4569c6decc3051/execute/sync - {"script":"return (function isElementDisplayed(element) {\n    function nodeIsElement(node) {\n        if (!node) {\n            return false;\n        }\n        switch (node.nodeType) {\n            case Node.ELEMEN ... (8289 more bytes)","args":[{"element-6066-11e4-a52e-4f735466cecf":"f.4DB8CF2DD35906CDB19A148942F1D619.d.2DDB1DC28ED3223C0B963B043F6C89D3.e.9","ELEMENT":"f.4DB8CF2DD35906CDB19A148942F1D619.d.2DDB1DC28ED3223C0B963B043F6C89D3.e.9"}]}
RESULT: {"script":"return (function isElementDisplayed(element) {\n    function nodeIsElement(node) {\n        if (!node) {\n            return false;\n        }\n        switch (node.nodeType) {\n            case Node.ELEMEN ... (8289 more bytes)","args":[{"element-6066-11e4-a52e-4f735466cecf":"f.4DB8CF2DD35906CDB19A148942F1D619.d.2DDB1DC28ED3223C0B963B043F6C89D3.e.9","ELEMENT":"f.4DB8CF2DD35906CDB19A148942F1D619.d.2DDB1DC28ED3223C0B963B043F6C89D3.e.9"}]}
COMMAND: POST /session/60614569a9c9984c2d4569c6decc3051/execute/sync - {"script":"return (function isElementDisplayed(element) {\n    function nodeIsElement(node) {\n        if (!node) {\n            return false;\n        }\n        switch (node.nodeType) {\n            case Node.ELEMEN ... (8289 more bytes)","args":[{"element-6066-11e4-a52e-4f735466cecf":"f.4DB8CF2DD35906CDB19A148942F1D619.d.2DDB1DC28ED3223C0B963B043F6C89D3.e.9","ELEMENT":"f.4DB8CF2DD35906CDB19A148942F1D619.d.2DDB1DC28ED3223C0B963B043F6C89D3.e.9"}]}
RESULT: {"script":"return (function isElementDisplayed(element) {\n    function nodeIsElement(node) {\n        if (!node) {\n            return false;\n        }\n        switch (node.nodeType) {\n            case Node.ELEMEN ... (8289 more bytes)","args":[{"element-6066-11e4-a52e-4f735466cecf":"f.4DB8CF2DD35906CDB19A148942F1D619.d.2DDB1DC28ED3223C0B963B043F6C89D3.e.9","ELEMENT":"f.4DB8CF2DD35906CDB19A148942F1D619.d.2DDB1DC28ED3223C0B963B043F6C89D3.e.9"}]}
COMMAND: POST /session/60614569a9c9984c2d4569c6decc3051/execute/sync - {"script":"return (function isElementDisplayed(element) {\n    function nodeIsElement(node) {\n        if (!node) {\n            return false;\n        }\n        switch (node.nodeType) {\n            case Node.ELEMEN ... (8289 more bytes)","args":[{"element-6066-11e4-a52e-4f735466cecf":"f.4DB8CF2DD35906CDB19A148942F1D619.d.2DDB1DC28ED3223C0B963B043F6C89D3.e.9","ELEMENT":"f.4DB8CF2DD35906CDB19A148942F1D619.d.2DDB1DC28ED3223C0B963B043F6C89D3.e.9"}]}
RESULT: {"script":"return (function isElementDisplayed(element) {\n    function nodeIsElement(node) {\n        if (!node) {\n            return false;\n        }\n        switch (node.nodeType) {\n            case Node.ELEMEN ... (8289 more bytes)","args":[{"element-6066-11e4-a52e-4f735466cecf":"f.4DB8CF2DD35906CDB19A148942F1D619.d.2DDB1DC28ED3223C0B963B043F6C89D3.e.9","ELEMENT":"f.4DB8CF2DD35906CDB19A148942F1D619.d.2DDB1DC28ED3223C0B963B043F6C89D3.e.9"}]}
COMMAND: POST /session/60614569a9c9984c2d4569c6decc3051/execute/sync - {"script":"return (function isElementDisplayed(element) {\n    function nodeIsElement(node) {\n        if (!node) {\n            return false;\n        }\n        switch (node.nodeType) {\n            case Node.ELEMEN ... (8289 more bytes)","args":[{"element-6066-11e4-a52e-4f735466cecf":"f.4DB8CF2DD35906CDB19A148942F1D619.d.2DDB1DC28ED3223C0B963B043F6C89D3.e.9","ELEMENT":"f.4DB8CF2DD35906CDB19A148942F1D619.d.2DDB1DC28ED3223C0B963B043F6C89D3.e.9"}]}
RESULT: {"script":"return (function isElementDisplayed(element) {\n    function nodeIsElement(node) {\n        if (!node) {\n            return false;\n        }\n        switch (node.nodeType) {\n            case Node.ELEMEN ... (8289 more bytes)","args":[{"element-6066-11e4-a52e-4f735466cecf":"f.4DB8CF2DD35906CDB19A148942F1D619.d.2DDB1DC28ED3223C0B963B043F6C89D3.e.9","ELEMENT":"f.4DB8CF2DD35906CDB19A148942F1D619.d.2DDB1DC28ED3223C0B963B043F6C89D3.e.9"}]}
COMMAND: POST /session/60614569a9c9984c2d4569c6decc3051/execute/sync - {"script":"return (function isElementDisplayed(element) {\n    function nodeIsElement(node) {\n        if (!node) {\n            return false;\n        }\n        switch (node.nodeType) {\n            case Node.ELEMEN ... (8289 more bytes)","args":[{"element-6066-11e4-a52e-4f735466cecf":"f.4DB8CF2DD35906CDB19A148942F1D619.d.2DDB1DC28ED3223C0B963B043F6C89D3.e.9","ELEMENT":"f.4DB8CF2DD35906CDB19A148942F1D619.d.2DDB1DC28ED3223C0B963B043F6C89D3.e.9"}]}
RESULT: {"script":"return (function isElementDisplayed(element) {\n    function nodeIsElement(node) {\n        if (!node) {\n            return false;\n        }\n        switch (node.nodeType) {\n            case Node.ELEMEN ... (8289 more bytes)","args":[{"element-6066-11e4-a52e-4f735466cecf":"f.4DB8CF2DD35906CDB19A148942F1D619.d.2DDB1DC28ED3223C0B963B043F6C89D3.e.9","ELEMENT":"f.4DB8CF2DD35906CDB19A148942F1D619.d.2DDB1DC28ED3223C0B963B043F6C89D3.e.9"}]}
COMMAND: POST /session/60614569a9c9984c2d4569c6decc3051/element - {"using":"css selector","value":"#password"}
RESULT: {"using":"css selector","value":"#password"}
COMMAND: POST /session/60614569a9c9984c2d4569c6decc3051/element/f.4DB8CF2DD35906CDB19A148942F1D619.d.2DDB1DC28ED3223C0B963B043F6C89D3.e.9/clear - {}
RESULT: {}
COMMAND: POST /session/60614569a9c9984c2d4569c6decc3051/element/f.4DB8CF2DD35906CDB19A148942F1D619.d.2DDB1DC28ED3223C0B963B043F6C89D3.e.9/value - {"text":"demotest69"}
RESULT: {"text":"demotest69"}
COMMAND: POST /session/60614569a9c9984c2d4569c6decc3051/element - {"using":"css selector","value":"#login-submit"}
RESULT: {"using":"css selector","value":"#login-submit"}
COMMAND: POST /session/60614569a9c9984c2d4569c6decc3051/element/f.4DB8CF2DD35906CDB19A148942F1D619.d.2DDB1DC28ED3223C0B963B043F6C89D3.e.6/click - {}
RESULT: {}
COMMAND: POST /session/60614569a9c9984c2d4569c6decc3051/url - {"url":"https://trello.com/u/krtstgml/boards"}
RESULT: {"url":"https://trello.com/u/krtstgml/boards"}
COMMAND: POST /session/60614569a9c9984c2d4569c6decc3051/element - {"using":"css selector","value":"[data-testid='header-create-menu-button']"}
RESULT: {"using":"css selector","value":"[data-testid='header-create-menu-button']"}
COMMAND: POST /session/60614569a9c9984c2d4569c6decc3051/element/f.4DB8CF2DD35906CDB19A148942F1D619.d.C5BB4F712543934FC131916E3113AA90.e.83/click - {}
RESULT: {}
COMMAND: POST /session/60614569a9c9984c2d4569c6decc3051/element - {"using":"css selector","value":"[data-testid='header-create-board-button']"}
RESULT: {"using":"css selector","value":"[data-testid='header-create-board-button']"}
COMMAND: POST /session/60614569a9c9984c2d4569c6decc3051/element/f.4DB8CF2DD35906CDB19A148942F1D619.d.C5BB4F712543934FC131916E3113AA90.e.102/click - {}
RESULT: {}
COMMAND: POST /session/60614569a9c9984c2d4569c6decc3051/element - {"using":"css selector","value":"[data-testid='create-board-title-input']"}
RESULT: {"using":"css selector","value":"[data-testid='create-board-title-input']"}
COMMAND: POST /session/60614569a9c9984c2d4569c6decc3051/element/f.4DB8CF2DD35906CDB19A148942F1D619.d.C5BB4F712543934FC131916E3113AA90.e.105/clear - {}
RESULT: {}
COMMAND: POST /session/60614569a9c9984c2d4569c6decc3051/element/f.4DB8CF2DD35906CDB19A148942F1D619.d.C5BB4F712543934FC131916E3113AA90.e.105/value - {"text":"Board created from Main Menu"}
RESULT: {"text":"Board created from Main Menu"}
COMMAND: POST /session/60614569a9c9984c2d4569c6decc3051/element - {"using":"css selector","value":"button[data-testid='create-board-submit-button']"}
RESULT: {"using":"css selector","value":"button[data-testid='create-board-submit-button']"}
COMMAND: POST /session/60614569a9c9984c2d4569c6decc3051/element/f.4DB8CF2DD35906CDB19A148942F1D619.d.C5BB4F712543934FC131916E3113AA90.e.122/click - {}
RESULT: {}
COMMAND: POST /session/60614569a9c9984c2d4569c6decc3051/element - {"using":"css selector","value":"[data-testid='board-name-display']"}
RESULT: {"using":"css selector","value":"[data-testid='board-name-display']"}
COMMAND: POST /session/60614569a9c9984c2d4569c6decc3051/elements - {"using":"css selector","value":"[data-testid='board-name-display']"}
RESULT: {"using":"css selector","value":"[data-testid='board-name-display']"}
COMMAND: POST /session/60614569a9c9984c2d4569c6decc3051/elements - {"using":"css selector","value":"[data-testid='board-name-display']"}
RESULT: {"using":"css selector","value":"[data-testid='board-name-display']"}
COMMAND: POST /session/60614569a9c9984c2d4569c6decc3051/elements - {"using":"css selector","value":"[data-testid='board-name-display']"}
RESULT: {"using":"css selector","value":"[data-testid='board-name-display']"}
COMMAND: POST /session/60614569a9c9984c2d4569c6decc3051/elements - {"using":"css selector","value":"[data-testid='board-name-display']"}
RESULT: {"using":"css selector","value":"[data-testid='board-name-display']"}
COMMAND: POST /session/60614569a9c9984c2d4569c6decc3051/element - {"using":"css selector","value":"[data-testid='board-name-display']"}
RESULT: {"using":"css selector","value":"[data-testid='board-name-display']"}
COMMAND: GET /session/60614569a9c9984c2d4569c6decc3051/element/f.4DB8CF2DD35906CDB19A148942F1D619.d.C5BB4F712543934FC131916E3113AA90.e.169/text - {}
RESULT: {}
COMMAND: DELETE /session/60614569a9c9984c2d4569c6decc3051 - {}
RESULT: {}
]]></system-out>
    </testcase>
  </testsuite>
</testsuites>