<?xml version="1.0" encoding="UTF-8"?>
<testsuites tests="1" failures="0" errors="0" skipped="0">
  <testsuite name="Verify action on board adding lists and cards" timestamp="2024-07-12T18:21:46" time="25.096" tests="1" failures="0" errors="0" skipped="0">
    <properties>
      <property name="specId" value="0"/>
      <property name="suiteName" value="Verify action on board: adding lists and cards"/>
      <property name="capabilities" value="chrome-headless-shell.126_0_6478_127.mac"/>
      <property name="file" value="file://./test/specs/test.card.e2e.js"/>
    </properties>
    <testcase classname="chrome-headless-shell.126_0_6478_127.mac.Verify_action_on_board:_adding_lists_and_cards" name="Add card to existent list" time="25.09">
      <system-out><![CDATA[
COMMAND: POST /session/16ead046944251d7f4bb8d0f4415f409/url - {"url":"https://trello.com/login"}
RESULT: {"url":"https://trello.com/login"}
COMMAND: POST /session/16ead046944251d7f4bb8d0f4415f409/element - {"using":"css selector","value":"#username"}
RESULT: {"using":"css selector","value":"#username"}
COMMAND: POST /session/16ead046944251d7f4bb8d0f4415f409/elements - {"using":"css selector","value":"#username"}
RESULT: {"using":"css selector","value":"#username"}
COMMAND: POST /session/16ead046944251d7f4bb8d0f4415f409/elements - {"using":"css selector","value":"#username"}
RESULT: {"using":"css selector","value":"#username"}
COMMAND: POST /session/16ead046944251d7f4bb8d0f4415f409/element - {"using":"css selector","value":"#username"}
RESULT: {"using":"css selector","value":"#username"}
COMMAND: POST /session/16ead046944251d7f4bb8d0f4415f409/element/f.A4EE7BBBD1FD7D219F218B4B48541061.d.91AF38080C343D3E9964F34D62930529.e.2/clear - {}
RESULT: {}
COMMAND: POST /session/16ead046944251d7f4bb8d0f4415f409/element/f.A4EE7BBBD1FD7D219F218B4B48541061.d.91AF38080C343D3E9964F34D62930529.e.2/value - {"text":"krtstgml@gmail.com"}
RESULT: {"text":"krtstgml@gmail.com"}
COMMAND: POST /session/16ead046944251d7f4bb8d0f4415f409/element - {"using":"css selector","value":"#login-submit"}
RESULT: {"using":"css selector","value":"#login-submit"}
COMMAND: POST /session/16ead046944251d7f4bb8d0f4415f409/element/f.A4EE7BBBD1FD7D219F218B4B48541061.d.91AF38080C343D3E9964F34D62930529.e.14/click - {}
RESULT: {}
COMMAND: POST /session/16ead046944251d7f4bb8d0f4415f409/element - {"using":"css selector","value":"#password"}
RESULT: {"using":"css selector","value":"#password"}
COMMAND: POST /session/16ead046944251d7f4bb8d0f4415f409/execute/sync - {"script":"return (function isElementDisplayed(element) {\n    function nodeIsElement(node) {\n        if (!node) {\n            return false;\n        }\n        switch (node.nodeType) {\n            case Node.ELEMEN ... (8289 more bytes)","args":[{"element-6066-11e4-a52e-4f735466cecf":"f.A4EE7BBBD1FD7D219F218B4B48541061.d.91AF38080C343D3E9964F34D62930529.e.15","ELEMENT":"f.A4EE7BBBD1FD7D219F218B4B48541061.d.91AF38080C343D3E9964F34D62930529.e.15"}]}
RESULT: {"script":"return (function isElementDisplayed(element) {\n    function nodeIsElement(node) {\n        if (!node) {\n            return false;\n        }\n        switch (node.nodeType) {\n            case Node.ELEMEN ... (8289 more bytes)","args":[{"element-6066-11e4-a52e-4f735466cecf":"f.A4EE7BBBD1FD7D219F218B4B48541061.d.91AF38080C343D3E9964F34D62930529.e.15","ELEMENT":"f.A4EE7BBBD1FD7D219F218B4B48541061.d.91AF38080C343D3E9964F34D62930529.e.15"}]}
COMMAND: POST /session/16ead046944251d7f4bb8d0f4415f409/execute/sync - {"script":"return (function isElementDisplayed(element) {\n    function nodeIsElement(node) {\n        if (!node) {\n            return false;\n        }\n        switch (node.nodeType) {\n            case Node.ELEMEN ... (8289 more bytes)","args":[{"element-6066-11e4-a52e-4f735466cecf":"f.A4EE7BBBD1FD7D219F218B4B48541061.d.91AF38080C343D3E9964F34D62930529.e.15","ELEMENT":"f.A4EE7BBBD1FD7D219F218B4B48541061.d.91AF38080C343D3E9964F34D62930529.e.15"}]}
RESULT: {"script":"return (function isElementDisplayed(element) {\n    function nodeIsElement(node) {\n        if (!node) {\n            return false;\n        }\n        switch (node.nodeType) {\n            case Node.ELEMEN ... (8289 more bytes)","args":[{"element-6066-11e4-a52e-4f735466cecf":"f.A4EE7BBBD1FD7D219F218B4B48541061.d.91AF38080C343D3E9964F34D62930529.e.15","ELEMENT":"f.A4EE7BBBD1FD7D219F218B4B48541061.d.91AF38080C343D3E9964F34D62930529.e.15"}]}
COMMAND: POST /session/16ead046944251d7f4bb8d0f4415f409/execute/sync - {"script":"return (function isElementDisplayed(element) {\n    function nodeIsElement(node) {\n        if (!node) {\n            return false;\n        }\n        switch (node.nodeType) {\n            case Node.ELEMEN ... (8289 more bytes)","args":[{"element-6066-11e4-a52e-4f735466cecf":"f.A4EE7BBBD1FD7D219F218B4B48541061.d.91AF38080C343D3E9964F34D62930529.e.15","ELEMENT":"f.A4EE7BBBD1FD7D219F218B4B48541061.d.91AF38080C343D3E9964F34D62930529.e.15"}]}
RESULT: {"script":"return (function isElementDisplayed(element) {\n    function nodeIsElement(node) {\n        if (!node) {\n            return false;\n        }\n        switch (node.nodeType) {\n            case Node.ELEMEN ... (8289 more bytes)","args":[{"element-6066-11e4-a52e-4f735466cecf":"f.A4EE7BBBD1FD7D219F218B4B48541061.d.91AF38080C343D3E9964F34D62930529.e.15","ELEMENT":"f.A4EE7BBBD1FD7D219F218B4B48541061.d.91AF38080C343D3E9964F34D62930529.e.15"}]}
COMMAND: POST /session/16ead046944251d7f4bb8d0f4415f409/execute/sync - {"script":"return (function isElementDisplayed(element) {\n    function nodeIsElement(node) {\n        if (!node) {\n            return false;\n        }\n        switch (node.nodeType) {\n            case Node.ELEMEN ... (8289 more bytes)","args":[{"element-6066-11e4-a52e-4f735466cecf":"f.A4EE7BBBD1FD7D219F218B4B48541061.d.91AF38080C343D3E9964F34D62930529.e.15","ELEMENT":"f.A4EE7BBBD1FD7D219F218B4B48541061.d.91AF38080C343D3E9964F34D62930529.e.15"}]}
RESULT: {"script":"return (function isElementDisplayed(element) {\n    function nodeIsElement(node) {\n        if (!node) {\n            return false;\n        }\n        switch (node.nodeType) {\n            case Node.ELEMEN ... (8289 more bytes)","args":[{"element-6066-11e4-a52e-4f735466cecf":"f.A4EE7BBBD1FD7D219F218B4B48541061.d.91AF38080C343D3E9964F34D62930529.e.15","ELEMENT":"f.A4EE7BBBD1FD7D219F218B4B48541061.d.91AF38080C343D3E9964F34D62930529.e.15"}]}
COMMAND: POST /session/16ead046944251d7f4bb8d0f4415f409/execute/sync - {"script":"return (function isElementDisplayed(element) {\n    function nodeIsElement(node) {\n        if (!node) {\n            return false;\n        }\n        switch (node.nodeType) {\n            case Node.ELEMEN ... (8289 more bytes)","args":[{"element-6066-11e4-a52e-4f735466cecf":"f.A4EE7BBBD1FD7D219F218B4B48541061.d.91AF38080C343D3E9964F34D62930529.e.15","ELEMENT":"f.A4EE7BBBD1FD7D219F218B4B48541061.d.91AF38080C343D3E9964F34D62930529.e.15"}]}
RESULT: {"script":"return (function isElementDisplayed(element) {\n    function nodeIsElement(node) {\n        if (!node) {\n            return false;\n        }\n        switch (node.nodeType) {\n            case Node.ELEMEN ... (8289 more bytes)","args":[{"element-6066-11e4-a52e-4f735466cecf":"f.A4EE7BBBD1FD7D219F218B4B48541061.d.91AF38080C343D3E9964F34D62930529.e.15","ELEMENT":"f.A4EE7BBBD1FD7D219F218B4B48541061.d.91AF38080C343D3E9964F34D62930529.e.15"}]}
COMMAND: POST /session/16ead046944251d7f4bb8d0f4415f409/element - {"using":"css selector","value":"#password"}
RESULT: {"using":"css selector","value":"#password"}
COMMAND: POST /session/16ead046944251d7f4bb8d0f4415f409/element/f.A4EE7BBBD1FD7D219F218B4B48541061.d.91AF38080C343D3E9964F34D62930529.e.15/clear - {}
RESULT: {}
COMMAND: POST /session/16ead046944251d7f4bb8d0f4415f409/element/f.A4EE7BBBD1FD7D219F218B4B48541061.d.91AF38080C343D3E9964F34D62930529.e.15/value - {"text":"demotest69"}
RESULT: {"text":"demotest69"}
COMMAND: POST /session/16ead046944251d7f4bb8d0f4415f409/element - {"using":"css selector","value":"#login-submit"}
RESULT: {"using":"css selector","value":"#login-submit"}
COMMAND: POST /session/16ead046944251d7f4bb8d0f4415f409/element/f.A4EE7BBBD1FD7D219F218B4B48541061.d.91AF38080C343D3E9964F34D62930529.e.14/click - {}
RESULT: {}
COMMAND: POST /session/16ead046944251d7f4bb8d0f4415f409/url - {"url":"https://trello.com/u/krtstgml/boards"}
RESULT: {"url":"https://trello.com/u/krtstgml/boards"}
COMMAND: POST /session/16ead046944251d7f4bb8d0f4415f409/element - {"using":"css selector","value":"[data-testid='header-create-menu-button']"}
RESULT: {"using":"css selector","value":"[data-testid='header-create-menu-button']"}
COMMAND: POST /session/16ead046944251d7f4bb8d0f4415f409/element/f.A4EE7BBBD1FD7D219F218B4B48541061.d.B837DB142B477240FB6654F0C7D84887.e.89/click - {}
RESULT: {}
COMMAND: POST /session/16ead046944251d7f4bb8d0f4415f409/element - {"using":"css selector","value":"[data-testid='header-create-board-button']"}
RESULT: {"using":"css selector","value":"[data-testid='header-create-board-button']"}
COMMAND: POST /session/16ead046944251d7f4bb8d0f4415f409/element/f.A4EE7BBBD1FD7D219F218B4B48541061.d.B837DB142B477240FB6654F0C7D84887.e.112/click - {}
RESULT: {}
COMMAND: POST /session/16ead046944251d7f4bb8d0f4415f409/element - {"using":"css selector","value":"[data-testid='create-board-title-input']"}
RESULT: {"using":"css selector","value":"[data-testid='create-board-title-input']"}
COMMAND: POST /session/16ead046944251d7f4bb8d0f4415f409/elements - {"using":"css selector","value":"[data-testid='create-board-title-input']"}
RESULT: {"using":"css selector","value":"[data-testid='create-board-title-input']"}
COMMAND: POST /session/16ead046944251d7f4bb8d0f4415f409/elements - {"using":"css selector","value":"[data-testid='create-board-title-input']"}
RESULT: {"using":"css selector","value":"[data-testid='create-board-title-input']"}
COMMAND: POST /session/16ead046944251d7f4bb8d0f4415f409/element - {"using":"css selector","value":"[data-testid='create-board-title-input']"}
RESULT: {"using":"css selector","value":"[data-testid='create-board-title-input']"}
COMMAND: POST /session/16ead046944251d7f4bb8d0f4415f409/element/f.A4EE7BBBD1FD7D219F218B4B48541061.d.B837DB142B477240FB6654F0C7D84887.e.114/clear - {}
RESULT: {}
COMMAND: POST /session/16ead046944251d7f4bb8d0f4415f409/element/f.A4EE7BBBD1FD7D219F218B4B48541061.d.B837DB142B477240FB6654F0C7D84887.e.114/value - {"text":"Board for Card"}
RESULT: {"text":"Board for Card"}
COMMAND: POST /session/16ead046944251d7f4bb8d0f4415f409/element - {"using":"css selector","value":"button[data-testid='create-board-submit-button']"}
RESULT: {"using":"css selector","value":"button[data-testid='create-board-submit-button']"}
COMMAND: POST /session/16ead046944251d7f4bb8d0f4415f409/element/f.A4EE7BBBD1FD7D219F218B4B48541061.d.B837DB142B477240FB6654F0C7D84887.e.135/click - {}
RESULT: {}
COMMAND: POST /session/16ead046944251d7f4bb8d0f4415f409/element - {"using":"css selector","value":"textarea[data-testid='list-name-textarea']"}
RESULT: {"using":"css selector","value":"textarea[data-testid='list-name-textarea']"}
COMMAND: POST /session/16ead046944251d7f4bb8d0f4415f409/elements - {"using":"css selector","value":"textarea[data-testid='list-name-textarea']"}
RESULT: {"using":"css selector","value":"textarea[data-testid='list-name-textarea']"}
COMMAND: POST /session/16ead046944251d7f4bb8d0f4415f409/elements - {"using":"css selector","value":"textarea[data-testid='list-name-textarea']"}
RESULT: {"using":"css selector","value":"textarea[data-testid='list-name-textarea']"}
COMMAND: POST /session/16ead046944251d7f4bb8d0f4415f409/elements - {"using":"css selector","value":"textarea[data-testid='list-name-textarea']"}
RESULT: {"using":"css selector","value":"textarea[data-testid='list-name-textarea']"}
COMMAND: POST /session/16ead046944251d7f4bb8d0f4415f409/element - {"using":"css selector","value":"textarea[data-testid='list-name-textarea']"}
RESULT: {"using":"css selector","value":"textarea[data-testid='list-name-textarea']"}
COMMAND: POST /session/16ead046944251d7f4bb8d0f4415f409/element/f.A4EE7BBBD1FD7D219F218B4B48541061.d.B837DB142B477240FB6654F0C7D84887.e.154/clear - {}
RESULT: {}
COMMAND: POST /session/16ead046944251d7f4bb8d0f4415f409/element/f.A4EE7BBBD1FD7D219F218B4B48541061.d.B837DB142B477240FB6654F0C7D84887.e.154/value - {"text":"My list 100"}
RESULT: {"text":"My list 100"}
COMMAND: POST /session/16ead046944251d7f4bb8d0f4415f409/element - {"using":"css selector","value":"[data-testid='list-composer-add-list-button']"}
RESULT: {"using":"css selector","value":"[data-testid='list-composer-add-list-button']"}
COMMAND: POST /session/16ead046944251d7f4bb8d0f4415f409/element/f.A4EE7BBBD1FD7D219F218B4B48541061.d.B837DB142B477240FB6654F0C7D84887.e.187/click - {}
RESULT: {}
COMMAND: POST /session/16ead046944251d7f4bb8d0f4415f409/refresh - {}
RESULT: {}
COMMAND: POST /session/16ead046944251d7f4bb8d0f4415f409/element - {"using":"css selector","value":"[data-testid='list-add-card-button']"}
RESULT: {"using":"css selector","value":"[data-testid='list-add-card-button']"}
COMMAND: POST /session/16ead046944251d7f4bb8d0f4415f409/element/f.A4EE7BBBD1FD7D219F218B4B48541061.d.970E0FCB50C32E1F0FB575C3A1CFCF1D.e.234/click - {}
RESULT: {}
COMMAND: POST /session/16ead046944251d7f4bb8d0f4415f409/element - {"using":"css selector","value":"[data-testid='list-card-composer-textarea']"}
RESULT: {"using":"css selector","value":"[data-testid='list-card-composer-textarea']"}
COMMAND: POST /session/16ead046944251d7f4bb8d0f4415f409/element/f.A4EE7BBBD1FD7D219F218B4B48541061.d.970E0FCB50C32E1F0FB575C3A1CFCF1D.e.235/clear - {}
RESULT: {}
COMMAND: POST /session/16ead046944251d7f4bb8d0f4415f409/element/f.A4EE7BBBD1FD7D219F218B4B48541061.d.970E0FCB50C32E1F0FB575C3A1CFCF1D.e.235/value - {"text":"My card"}
RESULT: {"text":"My card"}
COMMAND: POST /session/16ead046944251d7f4bb8d0f4415f409/element - {"using":"css selector","value":"[data-testid='list-card-composer-add-card-button']"}
RESULT: {"using":"css selector","value":"[data-testid='list-card-composer-add-card-button']"}
COMMAND: POST /session/16ead046944251d7f4bb8d0f4415f409/element/f.A4EE7BBBD1FD7D219F218B4B48541061.d.970E0FCB50C32E1F0FB575C3A1CFCF1D.e.238/click - {}
RESULT: {}
COMMAND: POST /session/16ead046944251d7f4bb8d0f4415f409/element - {"using":"css selector","value":"[data-testid='card-name']"}
RESULT: {"using":"css selector","value":"[data-testid='card-name']"}
COMMAND: GET /session/16ead046944251d7f4bb8d0f4415f409/element/f.A4EE7BBBD1FD7D219F218B4B48541061.d.970E0FCB50C32E1F0FB575C3A1CFCF1D.e.241/text - {}
RESULT: {}
COMMAND: DELETE /session/16ead046944251d7f4bb8d0f4415f409 - {}
RESULT: {}
]]></system-out>
    </testcase>
  </testsuite>
</testsuites>